{"meta": {"format": 3, "version": "7.11.3", "timestamp": "2025-11-20T10:41:57.221111", "branch_coverage": false, "show_contexts": false}, "files": {"src/api/logging_config.py": {"executed_lines": [1, 8, 9, 11, 13, 16, 17, 21, 40, 55, 71, 74, 75, 78, 79, 82, 88, 90, 137, 138, 139, 140, 142, 144, 147, 157, 173, 174, 175, 181, 182, 183, 185, 187, 190, 196, 202, 203, 206, 218, 219, 220, 226, 227, 228, 230, 231, 232, 233, 234, 237, 249, 250, 251, 257, 258, 260, 261, 262, 263, 264], "summary": {"covered_lines": 59, "num_statements": 87, "percent_covered": 67.816091954023, "percent_covered_display": "68", "missing_lines": 28, "excluded_lines": 0}, "missing_lines": [35, 36, 37, 38, 47, 48, 49, 50, 51, 52, 92, 93, 94, 95, 98, 99, 100, 107, 110, 115, 116, 117, 119, 124, 125, 129, 130, 154], "excluded_lines": [], "functions": {"RedisHandler.__init__": {"executed_lines": [], "summary": {"covered_lines": 0, "num_statements": 4, "percent_covered": 0.0, "percent_covered_display": "0", "missing_lines": 4, "excluded_lines": 0}, "missing_lines": [35, 36, 37, 38], "excluded_lines": []}, "RedisHandler.emit": {"executed_lines": [], "summary": {"covered_lines": 0, "num_statements": 6, "percent_covered": 0.0, "percent_covered_display": "0", "missing_lines": 6, "excluded_lines": 0}, "missing_lines": [47, 48, 49, 50, 51, 52], "excluded_lines": []}, "setup_logging": {"executed_lines": [71, 74, 75, 78, 79, 82, 88, 90, 137, 138, 139, 140, 142, 144], "summary": {"covered_lines": 14, "num_statements": 31, "percent_covered": 45.16129032258065, "percent_covered_display": "45", "missing_lines": 17, "excluded_lines": 0}, "missing_lines": [92, 93, 94, 95, 98, 99, 100, 107, 110, 115, 116, 117, 119, 124, 125, 129, 130], "excluded_lines": []}, "get_logger": {"executed_lines": [], "summary": {"covered_lines": 0, "num_statements": 1, "percent_covered": 0.0, "percent_covered_display": "0", "missing_lines": 1, "excluded_lines": 0}, "missing_lines": [154], "excluded_lines": []}, "get_redis_logs": {"executed_lines": [173, 174, 175, 181, 182, 183, 185, 187, 190, 196, 202, 203], "summary": {"covered_lines": 12, "num_statements": 12, "percent_covered": 100.0, "percent_covered_display": "100", "missing_lines": 0, "excluded_lines": 0}, "missing_lines": [], "excluded_lines": []}, "clear_redis_logs": {"executed_lines": [218, 219, 220, 226, 227, 228, 230, 231, 232, 233, 234], "summary": {"covered_lines": 11, "num_statements": 11, "percent_covered": 100.0, "percent_covered_display": "100", "missing_lines": 0, "excluded_lines": 0}, "missing_lines": [], "excluded_lines": []}, "is_redis_connected": {"executed_lines": [249, 250, 251, 257, 258, 260, 261, 262, 263, 264], "summary": {"covered_lines": 10, "num_statements": 10, "percent_covered": 100.0, "percent_covered_display": "100", "missing_lines": 0, "excluded_lines": 0}, "missing_lines": [], "excluded_lines": []}, "": {"executed_lines": [1, 8, 9, 11, 13, 16, 17, 21, 40, 55, 147, 157, 206, 237], "summary": {"covered_lines": 12, "num_statements": 12, "percent_covered": 100.0, "percent_covered_display": "100", "missing_lines": 0, "excluded_lines": 0}, "missing_lines": [], "excluded_lines": []}}, "classes": {"RedisHandler": {"executed_lines": [], "summary": {"covered_lines": 0, "num_statements": 10, "percent_covered": 0.0, "percent_covered_display": "0", "missing_lines": 10, "excluded_lines": 0}, "missing_lines": [35, 36, 37, 38, 47, 48, 49, 50, 51, 52], "excluded_lines": []}, "": {"executed_lines": [1, 8, 9, 11, 13, 16, 17, 21, 40, 55, 71, 74, 75, 78, 79, 82, 88, 90, 137, 138, 139, 140, 142, 144, 147, 157, 173, 174, 175, 181, 182, 183, 185, 187, 190, 196, 202, 203, 206, 218, 219, 220, 226, 227, 228, 230, 231, 232, 233, 234, 237, 249, 250, 251, 257, 258, 260, 261, 262, 263, 264], "summary": {"covered_lines": 59, "num_statements": 77, "percent_covered": 76.62337662337663, "percent_covered_display": "77", "missing_lines": 18, "excluded_lines": 0}, "missing_lines": [92, 93, 94, 95, 98, 99, 100, 107, 110, 115, 116, 117, 119, 124, 125, 129, 130, 154], "excluded_lines": []}}}, "src/api/main.py": {"executed_lines": [1, 8, 9, 10, 11, 12, 13, 15, 16, 18, 19, 20, 26, 27, 36, 37, 40, 41, 77, 88, 98, 99, 110, 111, 113, 116, 117, 118, 119, 122, 123, 124, 125, 126, 127, 130, 133, 134, 135, 138, 141, 144, 145, 153, 154, 157, 158, 161, 162, 164, 165, 166, 169, 170, 173, 174, 184, 190, 191, 193, 194, 196, 197, 199, 201, 204, 205, 207, 219, 220, 227, 228, 230, 232, 237, 245, 246, 257, 264, 266, 269, 271, 272, 275, 276, 277, 278, 283, 286, 287, 288, 291, 297, 309, 314, 325, 332, 334, 337, 339, 340, 343, 344, 347, 350, 351, 352, 354, 360, 372, 373, 387, 388, 389, 390, 393, 394, 405, 416, 417, 424, 425, 427, 431, 436, 437, 438, 439, 442], "summary": {"covered_lines": 127, "num_statements": 169, "percent_covered": 75.14792899408285, "percent_covered_display": "75", "missing_lines": 42, "excluded_lines": 3}, "missing_lines": [47, 48, 51, 52, 53, 54, 55, 56, 57, 58, 59, 62, 63, 68, 70, 73, 131, 180, 181, 258, 259, 279, 280, 303, 304, 305, 306, 326, 327, 366, 367, 368, 369, 396, 397, 398, 410, 411, 412, 413, 428, 429], "excluded_lines": [442, 443, 445], "functions": {"lifespan": {"executed_lines": [], "summary": {"covered_lines": 0, "num_statements": 16, "percent_covered": 0.0, "percent_covered_display": "0", "missing_lines": 16, "excluded_lines": 0}, "missing_lines": [47, 48, 51, 52, 53, 54, 55, 56, 57, 58, 59, 62, 63, 68, 70, 73], "excluded_lines": []}, "log_requests": {"executed_lines": [110, 111, 113, 116, 117, 118, 119, 122, 123, 124, 125, 126, 127, 130, 133, 134, 135, 138, 141, 144, 145, 153, 154, 157, 158, 161, 162, 164, 165, 166, 169, 170, 173, 174, 184, 190, 191, 193, 194, 196, 197, 199, 201], "summary": {"covered_lines": 43, "num_statements": 45, "percent_covered": 95.55555555555556, "percent_covered_display": "96", "missing_lines": 2, "excluded_lines": 0}, "missing_lines": [180, 181], "excluded_lines": []}, "log_requests.receive": {"executed_lines": [], "summary": {"covered_lines": 0, "num_statements": 1, "percent_covered": 0.0, "percent_covered_display": "0", "missing_lines": 1, "excluded_lines": 0}, "missing_lines": [131], "excluded_lines": []}, "root": {"executed_lines": [207], "summary": {"covered_lines": 1, "num_statements": 1, "percent_covered": 100.0, "percent_covered_display": "100", "missing_lines": 0, "excluded_lines": 0}, "missing_lines": [], "excluded_lines": []}, "health_check": {"executed_lines": [227, 228, 230, 232, 237], "summary": {"covered_lines": 5, "num_statements": 5, "percent_covered": 100.0, "percent_covered_display": "100", "missing_lines": 0, "excluded_lines": 0}, "missing_lines": [], "excluded_lines": []}, "predict": {"executed_lines": [257, 264, 266, 269, 271, 272, 275, 276, 277, 278, 283, 286, 287, 288, 291, 297], "summary": {"covered_lines": 16, "num_statements": 24, "percent_covered": 66.66666666666667, "percent_covered_display": "67", "missing_lines": 8, "excluded_lines": 0}, "missing_lines": [258, 259, 279, 280, 303, 304, 305, 306], "excluded_lines": []}, "predict_proba": {"executed_lines": [325, 332, 334, 337, 339, 340, 343, 344, 347, 350, 351, 352, 354, 360], "summary": {"covered_lines": 14, "num_statements": 20, "percent_covered": 70.0, "percent_covered_display": "70", "missing_lines": 6, "excluded_lines": 0}, "missing_lines": [326, 327, 366, 367, 368, 369], "excluded_lines": []}, "get_logs": {"executed_lines": [387, 388, 389, 390, 393, 394, 405], "summary": {"covered_lines": 7, "num_statements": 14, "percent_covered": 50.0, "percent_covered_display": "50", "missing_lines": 7, "excluded_lines": 0}, "missing_lines": [396, 397, 398, 410, 411, 412, 413], "excluded_lines": []}, "clear_logs": {"executed_lines": [424, 425, 427, 431, 436, 437, 438, 439], "summary": {"covered_lines": 8, "num_statements": 10, "percent_covered": 80.0, "percent_covered_display": "80", "missing_lines": 2, "excluded_lines": 0}, "missing_lines": [428, 429], "excluded_lines": []}, "": {"executed_lines": [1, 8, 9, 10, 11, 12, 13, 15, 16, 18, 19, 20, 26, 27, 36, 37, 40, 41, 77, 88, 98, 99, 204, 205, 219, 220, 245, 246, 309, 314, 372, 373, 416, 417, 442], "summary": {"covered_lines": 33, "num_statements": 33, "percent_covered": 100.0, "percent_covered_display": "100", "missing_lines": 0, "excluded_lines": 3}, "missing_lines": [], "excluded_lines": [442, 443, 445]}}, "classes": {"": {"executed_lines": [1, 8, 9, 10, 11, 12, 13, 15, 16, 18, 19, 20, 26, 27, 36, 37, 40, 41, 77, 88, 98, 99, 110, 111, 113, 116, 117, 118, 119, 122, 123, 124, 125, 126, 127, 130, 133, 134, 135, 138, 141, 144, 145, 153, 154, 157, 158, 161, 162, 164, 165, 166, 169, 170, 173, 174, 184, 190, 191, 193, 194, 196, 197, 199, 201, 204, 205, 207, 219, 220, 227, 228, 230, 232, 237, 245, 246, 257, 264, 266, 269, 271, 272, 275, 276, 277, 278, 283, 286, 287, 288, 291, 297, 309, 314, 325, 332, 334, 337, 339, 340, 343, 344, 347, 350, 351, 352, 354, 360, 372, 373, 387, 388, 389, 390, 393, 394, 405, 416, 417, 424, 425, 427, 431, 436, 437, 438, 439, 442], "summary": {"covered_lines": 127, "num_statements": 169, "percent_covered": 75.14792899408285, "percent_covered_display": "75", "missing_lines": 42, "excluded_lines": 3}, "missing_lines": [47, 48, 51, 52, 53, 54, 55, 56, 57, 58, 59, 62, 63, 68, 70, 73, 131, 180, 181, 258, 259, 279, 280, 303, 304, 305, 306, 326, 327, 366, 367, 368, 369, 396, 397, 398, 410, 411, 412, 413, 428, 429], "excluded_lines": [442, 443, 445]}}}, "src/api/performance_monitor.py": {"executed_lines": [1, 16, 17, 18, 19, 20, 21, 22, 23, 24, 26, 29, 32, 33, 34, 35, 36, 37, 38, 39, 40, 43, 44, 51, 53, 54, 55, 56, 57, 59, 60, 71, 72, 73, 76, 77, 80, 81, 83, 84, 87, 89, 96, 97, 100, 101, 104, 107, 108, 111, 112, 113, 116, 119, 124, 126, 135, 142, 144, 159, 162, 168, 169, 170, 179, 181, 193, 196, 199, 224, 225, 230, 232, 245, 248, 270], "summary": {"covered_lines": 73, "num_statements": 75, "percent_covered": 97.33333333333333, "percent_covered_display": "97", "missing_lines": 2, "excluded_lines": 0}, "missing_lines": [194, 246], "excluded_lines": [], "functions": {"PerformanceMonitor.__init__": {"executed_lines": [53, 54, 55, 56, 57], "summary": {"covered_lines": 5, "num_statements": 5, "percent_covered": 100.0, "percent_covered_display": "100", "missing_lines": 0, "excluded_lines": 0}, "missing_lines": [], "excluded_lines": []}, "PerformanceMonitor.profile": {"executed_lines": [71, 72, 73, 76, 77, 80, 81, 83, 84, 87], "summary": {"covered_lines": 10, "num_statements": 10, "percent_covered": 100.0, "percent_covered_display": "100", "missing_lines": 0, "excluded_lines": 0}, "missing_lines": [], "excluded_lines": []}, "PerformanceMonitor.get_metrics": {"executed_lines": [96, 97, 100, 101, 104, 107, 108, 111, 112, 113, 116, 119, 124, 126], "summary": {"covered_lines": 14, "num_statements": 14, "percent_covered": 100.0, "percent_covered_display": "100", "missing_lines": 0, "excluded_lines": 0}, "missing_lines": [], "excluded_lines": []}, "PerformanceMonitor._get_memory_usage": {"executed_lines": [142], "summary": {"covered_lines": 1, "num_statements": 1, "percent_covered": 100.0, "percent_covered_display": "100", "missing_lines": 0, "excluded_lines": 0}, "missing_lines": [], "excluded_lines": []}, "PerformanceMonitor._extract_top_functions": {"executed_lines": [159, 162, 168, 169, 170, 179], "summary": {"covered_lines": 6, "num_statements": 6, "percent_covered": 100.0, "percent_covered_display": "100", "missing_lines": 0, "excluded_lines": 0}, "missing_lines": [], "excluded_lines": []}, "PerformanceMonitor.log_metrics": {"executed_lines": [193, 196, 199, 224, 225, 230], "summary": {"covered_lines": 6, "num_statements": 7, "percent_covered": 85.71428571428571, "percent_covered_display": "86", "missing_lines": 1, "excluded_lines": 0}, "missing_lines": [194], "excluded_lines": []}, "PerformanceMonitor.format_metrics_dict": {"executed_lines": [245, 248], "summary": {"covered_lines": 2, "num_statements": 3, "percent_covered": 66.66666666666667, "percent_covered_display": "67", "missing_lines": 1, "excluded_lines": 0}, "missing_lines": [246], "excluded_lines": []}, "": {"executed_lines": [1, 16, 17, 18, 19, 20, 21, 22, 23, 24, 26, 29, 32, 33, 34, 35, 36, 37, 38, 39, 40, 43, 44, 51, 59, 60, 89, 135, 144, 181, 232, 270], "summary": {"covered_lines": 29, "num_statements": 29, "percent_covered": 100.0, "percent_covered_display": "100", "missing_lines": 0, "excluded_lines": 0}, "missing_lines": [], "excluded_lines": []}}, "classes": {"PerformanceMetrics": {"executed_lines": [], "summary": {"covered_lines": 0, "num_statements": 0, "percent_covered": 100.0, "percent_covered_display": "100", "missing_lines": 0, "excluded_lines": 0}, "missing_lines": [], "excluded_lines": []}, "PerformanceMonitor": {"executed_lines": [53, 54, 55, 56, 57, 71, 72, 73, 76, 77, 80, 81, 83, 84, 87, 96, 97, 100, 101, 104, 107, 108, 111, 112, 113, 116, 119, 124, 126, 142, 159, 162, 168, 169, 170, 179, 193, 196, 199, 224, 225, 230, 245, 248], "summary": {"covered_lines": 44, "num_statements": 46, "percent_covered": 95.65217391304348, "percent_covered_display": "96", "missing_lines": 2, "excluded_lines": 0}, "missing_lines": [194, 246], "excluded_lines": []}, "": {"executed_lines": [1, 16, 17, 18, 19, 20, 21, 22, 23, 24, 26, 29, 32, 33, 34, 35, 36, 37, 38, 39, 40, 43, 44, 51, 59, 60, 89, 135, 144, 181, 232, 270], "summary": {"covered_lines": 29, "num_statements": 29, "percent_covered": 100.0, "percent_covered_display": "100", "missing_lines": 0, "excluded_lines": 0}, "missing_lines": [], "excluded_lines": []}}}, "src/api/schemas.py": {"executed_lines": [1, 8, 10, 13, 14, 16, 17, 18, 21, 28, 31, 34, 37, 40, 43, 46, 49, 56, 63, 70, 78, 79, 81, 82, 103, 104, 106, 109, 112, 115, 116, 118, 121, 124, 127, 128, 130, 131, 132, 133, 136, 137, 139, 140, 141, 142, 145, 146, 148, 149, 152, 153, 155, 156], "summary": {"covered_lines": 45, "num_statements": 45, "percent_covered": 100.0, "percent_covered_display": "100", "missing_lines": 0, "excluded_lines": 0}, "missing_lines": [], "excluded_lines": [], "functions": {"": {"executed_lines": [1, 8, 10, 13, 14, 16, 17, 18, 21, 28, 31, 34, 37, 40, 43, 46, 49, 56, 63, 70, 78, 79, 81, 82, 103, 104, 106, 109, 112, 115, 116, 118, 121, 124, 127, 128, 130, 131, 132, 133, 136, 137, 139, 140, 141, 142, 145, 146, 148, 149, 152, 153, 155, 156], "summary": {"covered_lines": 45, "num_statements": 45, "percent_covered": 100.0, "percent_covered_display": "100", "missing_lines": 0, "excluded_lines": 0}, "missing_lines": [], "excluded_lines": []}}, "classes": {"PatientData": {"executed_lines": [], "summary": {"covered_lines": 0, "num_statements": 0, "percent_covered": 100.0, "percent_covered_display": "100", "missing_lines": 0, "excluded_lines": 0}, "missing_lines": [], "excluded_lines": []}, "PatientData.Config": {"executed_lines": [], "summary": {"covered_lines": 0, "num_statements": 0, "percent_covered": 100.0, "percent_covered_display": "100", "missing_lines": 0, "excluded_lines": 0}, "missing_lines": [], "excluded_lines": []}, "PredictionResponse": {"executed_lines": [], "summary": {"covered_lines": 0, "num_statements": 0, "percent_covered": 100.0, "percent_covered_display": "100", "missing_lines": 0, "excluded_lines": 0}, "missing_lines": [], "excluded_lines": []}, "PredictionProbabilityResponse": {"executed_lines": [], "summary": {"covered_lines": 0, "num_statements": 0, "percent_covered": 100.0, "percent_covered_display": "100", "missing_lines": 0, "excluded_lines": 0}, "missing_lines": [], "excluded_lines": []}, "HealthResponse": {"executed_lines": [], "summary": {"covered_lines": 0, "num_statements": 0, "percent_covered": 100.0, "percent_covered_display": "100", "missing_lines": 0, "excluded_lines": 0}, "missing_lines": [], "excluded_lines": []}, "LogEntry": {"executed_lines": [], "summary": {"covered_lines": 0, "num_statements": 0, "percent_covered": 100.0, "percent_covered_display": "100", "missing_lines": 0, "excluded_lines": 0}, "missing_lines": [], "excluded_lines": []}, "LogsResponse": {"executed_lines": [], "summary": {"covered_lines": 0, "num_statements": 0, "percent_covered": 100.0, "percent_covered_display": "100", "missing_lines": 0, "excluded_lines": 0}, "missing_lines": [], "excluded_lines": []}, "LogsStatsResponse": {"executed_lines": [], "summary": {"covered_lines": 0, "num_statements": 0, "percent_covered": 100.0, "percent_covered_display": "100", "missing_lines": 0, "excluded_lines": 0}, "missing_lines": [], "excluded_lines": []}, "": {"executed_lines": [1, 8, 10, 13, 14, 16, 17, 18, 21, 28, 31, 34, 37, 40, 43, 46, 49, 56, 63, 70, 78, 79, 81, 82, 103, 104, 106, 109, 112, 115, 116, 118, 121, 124, 127, 128, 130, 131, 132, 133, 136, 137, 139, 140, 141, 142, 145, 146, 148, 149, 152, 153, 155, 156], "summary": {"covered_lines": 45, "num_statements": 45, "percent_covered": 100.0, "percent_covered_display": "100", "missing_lines": 0, "excluded_lines": 0}, "missing_lines": [], "excluded_lines": []}}}, "src/config.py": {"executed_lines": [1, 7, 8, 10, 13, 14, 17, 18, 21, 24, 25, 28, 29, 30, 31, 32, 37, 38, 39, 42, 43, 44, 45, 48, 53, 56, 59, 62, 63, 64, 65, 70, 73, 76, 79, 85], "summary": {"covered_lines": 34, "num_statements": 34, "percent_covered": 100.0, "percent_covered_display": "100", "missing_lines": 0, "excluded_lines": 0}, "missing_lines": [], "excluded_lines": [], "functions": {"": {"executed_lines": [1, 7, 8, 10, 13, 14, 17, 18, 21, 24, 25, 28, 29, 30, 31, 32, 37, 38, 39, 42, 43, 44, 45, 48, 53, 56, 59, 62, 63, 64, 65, 70, 73, 76, 79, 85], "summary": {"covered_lines": 34, "num_statements": 34, "percent_covered": 100.0, "percent_covered_display": "100", "missing_lines": 0, "excluded_lines": 0}, "missing_lines": [], "excluded_lines": []}}, "classes": {"Settings": {"executed_lines": [], "summary": {"covered_lines": 0, "num_statements": 0, "percent_covered": 100.0, "percent_covered_display": "100", "missing_lines": 0, "excluded_lines": 0}, "missing_lines": [], "excluded_lines": []}, "": {"executed_lines": [1, 7, 8, 10, 13, 14, 17, 18, 21, 24, 25, 28, 29, 30, 31, 32, 37, 38, 39, 42, 43, 44, 45, 48, 53, 56, 59, 62, 63, 64, 65, 70, 73, 76, 79, 85], "summary": {"covered_lines": 34, "num_statements": 34, "percent_covered": 100.0, "percent_covered_display": "100", "missing_lines": 0, "excluded_lines": 0}, "missing_lines": [], "excluded_lines": []}}}, "src/model/feature_engineering.py": {"executed_lines": [1, 8, 10, 13, 14, 21, 22, 41, 42, 44, 47, 55, 58, 59, 64, 67, 69, 71, 72, 83, 86, 91, 96, 104, 109, 115, 122, 129, 132, 139, 144, 149, 152, 156, 158, 159, 173, 192, 194, 195, 202, 210, 211, 218], "summary": {"covered_lines": 42, "num_statements": 42, "percent_covered": 100.0, "percent_covered_display": "100", "missing_lines": 0, "excluded_lines": 0}, "missing_lines": [], "excluded_lines": [], "functions": {"FeatureEngineer.engineer_features": {"executed_lines": [41, 42, 44, 47, 55, 58, 59, 64, 67, 69], "summary": {"covered_lines": 10, "num_statements": 10, "percent_covered": 100.0, "percent_covered_display": "100", "missing_lines": 0, "excluded_lines": 0}, "missing_lines": [], "excluded_lines": []}, "FeatureEngineer._add_derived_features": {"executed_lines": [83, 86, 91, 96, 104, 109, 115, 122, 129, 132, 139, 144, 149, 152, 156], "summary": {"covered_lines": 15, "num_statements": 15, "percent_covered": 100.0, "percent_covered_display": "100", "missing_lines": 0, "excluded_lines": 0}, "missing_lines": [], "excluded_lines": []}, "FeatureEngineer._reorder_columns": {"executed_lines": [173, 192], "summary": {"covered_lines": 2, "num_statements": 2, "percent_covered": 100.0, "percent_covered_display": "100", "missing_lines": 0, "excluded_lines": 0}, "missing_lines": [], "excluded_lines": []}, "FeatureEngineer.get_required_input_columns": {"executed_lines": [202], "summary": {"covered_lines": 1, "num_statements": 1, "percent_covered": 100.0, "percent_covered_display": "100", "missing_lines": 0, "excluded_lines": 0}, "missing_lines": [], "excluded_lines": []}, "FeatureEngineer.get_derived_columns": {"executed_lines": [218], "summary": {"covered_lines": 1, "num_statements": 1, "percent_covered": 100.0, "percent_covered_display": "100", "missing_lines": 0, "excluded_lines": 0}, "missing_lines": [], "excluded_lines": []}, "": {"executed_lines": [1, 8, 10, 13, 14, 21, 22, 71, 72, 158, 159, 194, 195, 210, 211], "summary": {"covered_lines": 13, "num_statements": 13, "percent_covered": 100.0, "percent_covered_display": "100", "missing_lines": 0, "excluded_lines": 0}, "missing_lines": [], "excluded_lines": []}}, "classes": {"FeatureEngineer": {"executed_lines": [41, 42, 44, 47, 55, 58, 59, 64, 67, 69, 83, 86, 91, 96, 104, 109, 115, 122, 129, 132, 139, 144, 149, 152, 156, 173, 192, 202, 218], "summary": {"covered_lines": 29, "num_statements": 29, "percent_covered": 100.0, "percent_covered_display": "100", "missing_lines": 0, "excluded_lines": 0}, "missing_lines": [], "excluded_lines": []}, "": {"executed_lines": [1, 8, 10, 13, 14, 21, 22, 71, 72, 158, 159, 194, 195, 210, 211], "summary": {"covered_lines": 13, "num_statements": 13, "percent_covered": 100.0, "percent_covered_display": "100", "missing_lines": 0, "excluded_lines": 0}, "missing_lines": [], "excluded_lines": []}}}, "src/model/model_loader.py": {"executed_lines": [1, 8, 9, 10, 12, 15, 16, 23, 24, 26, 33, 34, 35, 37, 52, 53, 55, 57, 59, 60, 61, 63, 65, 66, 70, 71, 72, 73, 74, 75, 76, 80, 81, 91, 92, 96, 98, 105], "summary": {"covered_lines": 36, "num_statements": 36, "percent_covered": 100.0, "percent_covered_display": "100", "missing_lines": 0, "excluded_lines": 0}, "missing_lines": [], "excluded_lines": [], "functions": {"ModelLoader.__new__": {"executed_lines": [33, 34, 35], "summary": {"covered_lines": 3, "num_statements": 3, "percent_covered": 100.0, "percent_covered_display": "100", "missing_lines": 0, "excluded_lines": 0}, "missing_lines": [], "excluded_lines": []}, "ModelLoader.load_model": {"executed_lines": [52, 53, 55, 57, 59, 60, 61, 63, 65, 66, 70, 71, 72, 73, 74, 75, 76], "summary": {"covered_lines": 17, "num_statements": 17, "percent_covered": 100.0, "percent_covered_display": "100", "missing_lines": 0, "excluded_lines": 0}, "missing_lines": [], "excluded_lines": []}, "ModelLoader.model": {"executed_lines": [91, 92, 96], "summary": {"covered_lines": 3, "num_statements": 3, "percent_covered": 100.0, "percent_covered_display": "100", "missing_lines": 0, "excluded_lines": 0}, "missing_lines": [], "excluded_lines": []}, "ModelLoader.is_loaded": {"executed_lines": [105], "summary": {"covered_lines": 1, "num_statements": 1, "percent_covered": 100.0, "percent_covered_display": "100", "missing_lines": 0, "excluded_lines": 0}, "missing_lines": [], "excluded_lines": []}, "": {"executed_lines": [1, 8, 9, 10, 12, 15, 16, 23, 24, 26, 37, 80, 81, 98], "summary": {"covered_lines": 12, "num_statements": 12, "percent_covered": 100.0, "percent_covered_display": "100", "missing_lines": 0, "excluded_lines": 0}, "missing_lines": [], "excluded_lines": []}}, "classes": {"ModelLoader": {"executed_lines": [33, 34, 35, 52, 53, 55, 57, 59, 60, 61, 63, 65, 66, 70, 71, 72, 73, 74, 75, 76, 91, 92, 96, 105], "summary": {"covered_lines": 24, "num_statements": 24, "percent_covered": 100.0, "percent_covered_display": "100", "missing_lines": 0, "excluded_lines": 0}, "missing_lines": [], "excluded_lines": []}, "": {"executed_lines": [1, 8, 9, 10, 12, 15, 16, 23, 24, 26, 37, 80, 81, 98], "summary": {"covered_lines": 12, "num_statements": 12, "percent_covered": 100.0, "percent_covered_display": "100", "missing_lines": 0, "excluded_lines": 0}, "missing_lines": [], "excluded_lines": []}}}, "src/model/predictor.py": {"executed_lines": [1, 8, 10, 11, 13, 14, 17, 18, 24, 26, 27, 29, 47, 48, 53, 55, 61, 62, 64, 68, 69, 72, 74, 76, 77, 81, 100, 101, 106, 108, 109, 113, 115, 121, 123, 127, 128, 131, 133, 135, 136, 140, 147], "summary": {"covered_lines": 41, "num_statements": 41, "percent_covered": 100.0, "percent_covered_display": "100", "missing_lines": 0, "excluded_lines": 0}, "missing_lines": [], "excluded_lines": [], "functions": {"Predictor.__init__": {"executed_lines": [26, 27], "summary": {"covered_lines": 2, "num_statements": 2, "percent_covered": 100.0, "percent_covered_display": "100", "missing_lines": 0, "excluded_lines": 0}, "missing_lines": [], "excluded_lines": []}, "Predictor.predict": {"executed_lines": [47, 48, 53, 55, 61, 62, 64, 68, 69, 72, 74, 76, 77], "summary": {"covered_lines": 13, "num_statements": 13, "percent_covered": 100.0, "percent_covered_display": "100", "missing_lines": 0, "excluded_lines": 0}, "missing_lines": [], "excluded_lines": []}, "Predictor.predict_proba": {"executed_lines": [100, 101, 106, 108, 109, 113, 115, 121, 123, 127, 128, 131, 133, 135, 136], "summary": {"covered_lines": 15, "num_statements": 15, "percent_covered": 100.0, "percent_covered_display": "100", "missing_lines": 0, "excluded_lines": 0}, "missing_lines": [], "excluded_lines": []}, "Predictor.get_required_features": {"executed_lines": [147], "summary": {"covered_lines": 1, "num_statements": 1, "percent_covered": 100.0, "percent_covered_display": "100", "missing_lines": 0, "excluded_lines": 0}, "missing_lines": [], "excluded_lines": []}, "": {"executed_lines": [1, 8, 10, 11, 13, 14, 17, 18, 24, 29, 81, 140], "summary": {"covered_lines": 10, "num_statements": 10, "percent_covered": 100.0, "percent_covered_display": "100", "missing_lines": 0, "excluded_lines": 0}, "missing_lines": [], "excluded_lines": []}}, "classes": {"Predictor": {"executed_lines": [26, 27, 47, 48, 53, 55, 61, 62, 64, 68, 69, 72, 74, 76, 77, 100, 101, 106, 108, 109, 113, 115, 121, 123, 127, 128, 131, 133, 135, 136, 147], "summary": {"covered_lines": 31, "num_statements": 31, "percent_covered": 100.0, "percent_covered_display": "100", "missing_lines": 0, "excluded_lines": 0}, "missing_lines": [], "excluded_lines": []}, "": {"executed_lines": [1, 8, 10, 11, 13, 14, 17, 18, 24, 29, 81, 140], "summary": {"covered_lines": 10, "num_statements": 10, "percent_covered": 100.0, "percent_covered_display": "100", "missing_lines": 0, "excluded_lines": 0}, "missing_lines": [], "excluded_lines": []}}}}, "totals": {"covered_lines": 457, "num_statements": 529, "percent_covered": 86.38941398865785, "percent_covered_display": "86", "missing_lines": 72, "excluded_lines": 3}}