{"meta": {"format": 3, "version": "7.11.3", "timestamp": "2025-11-22T09:31:24.923284", "branch_coverage": false, "show_contexts": false}, "files": {"src/api/logging_config.py": {"executed_lines": [1, 8, 9, 11, 13, 16, 17, 21, 40, 55, 71, 74, 75, 78, 79, 82, 88, 90, 137, 138, 139, 140, 142, 144, 147, 157, 173, 174, 175, 181, 182, 183, 185, 187, 190, 196, 202, 203, 206, 218, 219, 220, 226, 227, 228, 230, 231, 232, 233, 234, 237, 249, 250, 251, 257, 258, 260, 261, 262, 263, 264], "summary": {"covered_lines": 59, "num_statements": 87, "percent_covered": 67.816091954023, "percent_covered_display": "67.82", "missing_lines": 28, "excluded_lines": 0}, "missing_lines": [35, 36, 37, 38, 47, 48, 49, 50, 51, 52, 92, 93, 94, 95, 98, 99, 100, 107, 110, 115, 116, 117, 119, 124, 125, 129, 130, 154], "excluded_lines": [], "functions": {"RedisHandler.__init__": {"executed_lines": [], "summary": {"covered_lines": 0, "num_statements": 4, "percent_covered": 0.0, "percent_covered_display": "0.00", "missing_lines": 4, "excluded_lines": 0}, "missing_lines": [35, 36, 37, 38], "excluded_lines": []}, "RedisHandler.emit": {"executed_lines": [], "summary": {"covered_lines": 0, "num_statements": 6, "percent_covered": 0.0, "percent_covered_display": "0.00", "missing_lines": 6, "excluded_lines": 0}, "missing_lines": [47, 48, 49, 50, 51, 52], "excluded_lines": []}, "setup_logging": {"executed_lines": [71, 74, 75, 78, 79, 82, 88, 90, 137, 138, 139, 140, 142, 144], "summary": {"covered_lines": 14, "num_statements": 31, "percent_covered": 45.16129032258065, "percent_covered_display": "45.16", "missing_lines": 17, "excluded_lines": 0}, "missing_lines": [92, 93, 94, 95, 98, 99, 100, 107, 110, 115, 116, 117, 119, 124, 125, 129, 130], "excluded_lines": []}, "get_logger": {"executed_lines": [], "summary": {"covered_lines": 0, "num_statements": 1, "percent_covered": 0.0, "percent_covered_display": "0.00", "missing_lines": 1, "excluded_lines": 0}, "missing_lines": [154], "excluded_lines": []}, "get_redis_logs": {"executed_lines": [173, 174, 175, 181, 182, 183, 185, 187, 190, 196, 202, 203], "summary": {"covered_lines": 12, "num_statements": 12, "percent_covered": 100.0, "percent_covered_display": "100.00", "missing_lines": 0, "excluded_lines": 0}, "missing_lines": [], "excluded_lines": []}, "clear_redis_logs": {"executed_lines": [218, 219, 220, 226, 227, 228, 230, 231, 232, 233, 234], "summary": {"covered_lines": 11, "num_statements": 11, "percent_covered": 100.0, "percent_covered_display": "100.00", "missing_lines": 0, "excluded_lines": 0}, "missing_lines": [], "excluded_lines": []}, "is_redis_connected": {"executed_lines": [249, 250, 251, 257, 258, 260, 261, 262, 263, 264], "summary": {"covered_lines": 10, "num_statements": 10, "percent_covered": 100.0, "percent_covered_display": "100.00", "missing_lines": 0, "excluded_lines": 0}, "missing_lines": [], "excluded_lines": []}, "": {"executed_lines": [1, 8, 9, 11, 13, 16, 17, 21, 40, 55, 147, 157, 206, 237], "summary": {"covered_lines": 12, "num_statements": 12, "percent_covered": 100.0, "percent_covered_display": "100.00", "missing_lines": 0, "excluded_lines": 0}, "missing_lines": [], "excluded_lines": []}}, "classes": {"RedisHandler": {"executed_lines": [], "summary": {"covered_lines": 0, "num_statements": 10, "percent_covered": 0.0, "percent_covered_display": "0.00", "missing_lines": 10, "excluded_lines": 0}, "missing_lines": [35, 36, 37, 38, 47, 48, 49, 50, 51, 52], "excluded_lines": []}, "": {"executed_lines": [1, 8, 9, 11, 13, 16, 17, 21, 40, 55, 71, 74, 75, 78, 79, 82, 88, 90, 137, 138, 139, 140, 142, 144, 147, 157, 173, 174, 175, 181, 182, 183, 185, 187, 190, 196, 202, 203, 206, 218, 219, 220, 226, 227, 228, 230, 231, 232, 233, 234, 237, 249, 250, 251, 257, 258, 260, 261, 262, 263, 264], "summary": {"covered_lines": 59, "num_statements": 77, "percent_covered": 76.62337662337663, "percent_covered_display": "76.62", "missing_lines": 18, "excluded_lines": 0}, "missing_lines": [92, 93, 94, 95, 98, 99, 100, 107, 110, 115, 116, 117, 119, 124, 125, 129, 130, 154], "excluded_lines": []}}}, "src/api/main.py": {"executed_lines": [1, 8, 9, 10, 11, 12, 13, 15, 16, 18, 19, 20, 21, 22, 28, 29, 38, 39, 40, 41, 44, 45, 102, 113, 123, 124, 135, 136, 138, 141, 142, 143, 144, 147, 148, 149, 150, 151, 152, 155, 158, 159, 160, 163, 166, 169, 170, 178, 179, 182, 183, 186, 187, 189, 190, 191, 194, 195, 198, 199, 209, 215, 216, 218, 219, 221, 222, 224, 226, 229, 230, 232, 244, 245, 253, 255, 256, 260, 262, 264, 269, 277, 278, 290, 297, 299, 302, 332, 334, 335, 338, 339, 340, 341, 346, 349, 350, 351, 354, 360, 372, 377, 389, 396, 398, 401, 427, 429, 430, 433, 434, 437, 440, 441, 442, 444, 450, 462, 463, 483, 484, 498, 499, 500, 501, 504, 505, 516, 527, 528, 535, 536, 538, 542, 547, 548, 549, 550, 553], "summary": {"covered_lines": 137, "num_statements": 220, "percent_covered": 62.27272727272727, "percent_covered_display": "62.27", "missing_lines": 83, "excluded_lines": 3}, "missing_lines": [51, 52, 55, 56, 60, 61, 62, 63, 66, 67, 68, 70, 73, 74, 75, 76, 77, 78, 79, 80, 81, 84, 85, 90, 92, 95, 96, 97, 98, 156, 205, 206, 254, 258, 291, 292, 304, 306, 308, 313, 314, 319, 320, 323, 324, 325, 326, 327, 328, 342, 343, 366, 367, 368, 369, 390, 391, 403, 405, 407, 412, 413, 418, 419, 422, 423, 456, 457, 458, 459, 470, 471, 472, 477, 507, 508, 509, 521, 522, 523, 524, 539, 540], "excluded_lines": [553, 554, 556], "functions": {"lifespan": {"executed_lines": [], "summary": {"covered_lines": 0, "num_statements": 29, "percent_covered": 0.0, "percent_covered_display": "0.00", "missing_lines": 29, "excluded_lines": 0}, "missing_lines": [51, 52, 55, 56, 60, 61, 62, 63, 66, 67, 68, 70, 73, 74, 75, 76, 77, 78, 79, 80, 81, 84, 85, 90, 92, 95, 96, 97, 98], "excluded_lines": []}, "log_requests": {"executed_lines": [135, 136, 138, 141, 142, 143, 144, 147, 148, 149, 150, 151, 152, 155, 158, 159, 160, 163, 166, 169, 170, 178, 179, 182, 183, 186, 187, 189, 190, 191, 194, 195, 198, 199, 209, 215, 216, 218, 219, 221, 222, 224, 226], "summary": {"covered_lines": 43, "num_statements": 45, "percent_covered": 95.55555555555556, "percent_covered_display": "95.56", "missing_lines": 2, "excluded_lines": 0}, "missing_lines": [205, 206], "excluded_lines": []}, "log_requests.receive": {"executed_lines": [], "summary": {"covered_lines": 0, "num_statements": 1, "percent_covered": 0.0, "percent_covered_display": "0.00", "missing_lines": 1, "excluded_lines": 0}, "missing_lines": [156], "excluded_lines": []}, "root": {"executed_lines": [232], "summary": {"covered_lines": 1, "num_statements": 1, "percent_covered": 100.0, "percent_covered_display": "100.00", "missing_lines": 0, "excluded_lines": 0}, "missing_lines": [], "excluded_lines": []}, "health_check": {"executed_lines": [253, 255, 256, 260, 262, 264, 269], "summary": {"covered_lines": 7, "num_statements": 9, "percent_covered": 77.77777777777777, "percent_covered_display": "77.78", "missing_lines": 2, "excluded_lines": 0}, "missing_lines": [254, 258], "excluded_lines": []}, "predict": {"executed_lines": [290, 297, 299, 302, 332, 334, 335, 338, 339, 340, 341, 346, 349, 350, 351, 354, 360], "summary": {"covered_lines": 17, "num_statements": 38, "percent_covered": 44.73684210526316, "percent_covered_display": "44.74", "missing_lines": 21, "excluded_lines": 0}, "missing_lines": [291, 292, 304, 306, 308, 313, 314, 319, 320, 323, 324, 325, 326, 327, 328, 342, 343, 366, 367, 368, 369], "excluded_lines": []}, "predict_proba": {"executed_lines": [389, 396, 398, 401, 427, 429, 430, 433, 434, 437, 440, 441, 442, 444, 450], "summary": {"covered_lines": 15, "num_statements": 30, "percent_covered": 50.0, "percent_covered_display": "50.00", "missing_lines": 15, "excluded_lines": 0}, "missing_lines": [390, 391, 403, 405, 407, 412, 413, 418, 419, 422, 423, 456, 457, 458, 459], "excluded_lines": []}, "get_pool_stats": {"executed_lines": [], "summary": {"covered_lines": 0, "num_statements": 4, "percent_covered": 0.0, "percent_covered_display": "0.00", "missing_lines": 4, "excluded_lines": 0}, "missing_lines": [470, 471, 472, 477], "excluded_lines": []}, "get_logs": {"executed_lines": [498, 499, 500, 501, 504, 505, 516], "summary": {"covered_lines": 7, "num_statements": 14, "percent_covered": 50.0, "percent_covered_display": "50.00", "missing_lines": 7, "excluded_lines": 0}, "missing_lines": [507, 508, 509, 521, 522, 523, 524], "excluded_lines": []}, "clear_logs": {"executed_lines": [535, 536, 538, 542, 547, 548, 549, 550], "summary": {"covered_lines": 8, "num_statements": 10, "percent_covered": 80.0, "percent_covered_display": "80.00", "missing_lines": 2, "excluded_lines": 0}, "missing_lines": [539, 540], "excluded_lines": []}, "": {"executed_lines": [1, 8, 9, 10, 11, 12, 13, 15, 16, 18, 19, 20, 21, 22, 28, 29, 38, 39, 40, 41, 44, 45, 102, 113, 123, 124, 229, 230, 244, 245, 277, 278, 372, 377, 462, 463, 483, 484, 527, 528, 553], "summary": {"covered_lines": 39, "num_statements": 39, "percent_covered": 100.0, "percent_covered_display": "100.00", "missing_lines": 0, "excluded_lines": 3}, "missing_lines": [], "excluded_lines": [553, 554, 556]}}, "classes": {"": {"executed_lines": [1, 8, 9, 10, 11, 12, 13, 15, 16, 18, 19, 20, 21, 22, 28, 29, 38, 39, 40, 41, 44, 45, 102, 113, 123, 124, 135, 136, 138, 141, 142, 143, 144, 147, 148, 149, 150, 151, 152, 155, 158, 159, 160, 163, 166, 169, 170, 178, 179, 182, 183, 186, 187, 189, 190, 191, 194, 195, 198, 199, 209, 215, 216, 218, 219, 221, 222, 224, 226, 229, 230, 232, 244, 245, 253, 255, 256, 260, 262, 264, 269, 277, 278, 290, 297, 299, 302, 332, 334, 335, 338, 339, 340, 341, 346, 349, 350, 351, 354, 360, 372, 377, 389, 396, 398, 401, 427, 429, 430, 433, 434, 437, 440, 441, 442, 444, 450, 462, 463, 483, 484, 498, 499, 500, 501, 504, 505, 516, 527, 528, 535, 536, 538, 542, 547, 548, 549, 550, 553], "summary": {"covered_lines": 137, "num_statements": 220, "percent_covered": 62.27272727272727, "percent_covered_display": "62.27", "missing_lines": 83, "excluded_lines": 3}, "missing_lines": [51, 52, 55, 56, 60, 61, 62, 63, 66, 67, 68, 70, 73, 74, 75, 76, 77, 78, 79, 80, 81, 84, 85, 90, 92, 95, 96, 97, 98, 156, 205, 206, 254, 258, 291, 292, 304, 306, 308, 313, 314, 319, 320, 323, 324, 325, 326, 327, 328, 342, 343, 366, 367, 368, 369, 390, 391, 403, 405, 407, 412, 413, 418, 419, 422, 423, 456, 457, 458, 459, 470, 471, 472, 477, 507, 508, 509, 521, 522, 523, 524, 539, 540], "excluded_lines": [553, 554, 556]}}}, "src/api/performance_monitor.py": {"executed_lines": [1, 16, 17, 18, 19, 20, 21, 22, 23, 24, 26, 29, 32, 33, 34, 35, 36, 37, 38, 39, 40, 43, 44, 51, 53, 54, 55, 56, 57, 59, 60, 71, 72, 73, 76, 77, 80, 81, 83, 84, 87, 89, 96, 97, 100, 101, 104, 107, 108, 111, 112, 113, 116, 119, 124, 126, 135, 142, 144, 159, 162, 168, 169, 170, 179, 181, 193, 196, 199, 224, 225, 230, 232, 245, 248, 270], "summary": {"covered_lines": 73, "num_statements": 75, "percent_covered": 97.33333333333333, "percent_covered_display": "97.33", "missing_lines": 2, "excluded_lines": 0}, "missing_lines": [194, 246], "excluded_lines": [], "functions": {"PerformanceMonitor.__init__": {"executed_lines": [53, 54, 55, 56, 57], "summary": {"covered_lines": 5, "num_statements": 5, "percent_covered": 100.0, "percent_covered_display": "100.00", "missing_lines": 0, "excluded_lines": 0}, "missing_lines": [], "excluded_lines": []}, "PerformanceMonitor.profile": {"executed_lines": [71, 72, 73, 76, 77, 80, 81, 83, 84, 87], "summary": {"covered_lines": 10, "num_statements": 10, "percent_covered": 100.0, "percent_covered_display": "100.00", "missing_lines": 0, "excluded_lines": 0}, "missing_lines": [], "excluded_lines": []}, "PerformanceMonitor.get_metrics": {"executed_lines": [96, 97, 100, 101, 104, 107, 108, 111, 112, 113, 116, 119, 124, 126], "summary": {"covered_lines": 14, "num_statements": 14, "percent_covered": 100.0, "percent_covered_display": "100.00", "missing_lines": 0, "excluded_lines": 0}, "missing_lines": [], "excluded_lines": []}, "PerformanceMonitor._get_memory_usage": {"executed_lines": [142], "summary": {"covered_lines": 1, "num_statements": 1, "percent_covered": 100.0, "percent_covered_display": "100.00", "missing_lines": 0, "excluded_lines": 0}, "missing_lines": [], "excluded_lines": []}, "PerformanceMonitor._extract_top_functions": {"executed_lines": [159, 162, 168, 169, 170, 179], "summary": {"covered_lines": 6, "num_statements": 6, "percent_covered": 100.0, "percent_covered_display": "100.00", "missing_lines": 0, "excluded_lines": 0}, "missing_lines": [], "excluded_lines": []}, "PerformanceMonitor.log_metrics": {"executed_lines": [193, 196, 199, 224, 225, 230], "summary": {"covered_lines": 6, "num_statements": 7, "percent_covered": 85.71428571428571, "percent_covered_display": "85.71", "missing_lines": 1, "excluded_lines": 0}, "missing_lines": [194], "excluded_lines": []}, "PerformanceMonitor.format_metrics_dict": {"executed_lines": [245, 248], "summary": {"covered_lines": 2, "num_statements": 3, "percent_covered": 66.66666666666667, "percent_covered_display": "66.67", "missing_lines": 1, "excluded_lines": 0}, "missing_lines": [246], "excluded_lines": []}, "": {"executed_lines": [1, 16, 17, 18, 19, 20, 21, 22, 23, 24, 26, 29, 32, 33, 34, 35, 36, 37, 38, 39, 40, 43, 44, 51, 59, 60, 89, 135, 144, 181, 232, 270], "summary": {"covered_lines": 29, "num_statements": 29, "percent_covered": 100.0, "percent_covered_display": "100.00", "missing_lines": 0, "excluded_lines": 0}, "missing_lines": [], "excluded_lines": []}}, "classes": {"PerformanceMetrics": {"executed_lines": [], "summary": {"covered_lines": 0, "num_statements": 0, "percent_covered": 100.0, "percent_covered_display": "100.00", "missing_lines": 0, "excluded_lines": 0}, "missing_lines": [], "excluded_lines": []}, "PerformanceMonitor": {"executed_lines": [53, 54, 55, 56, 57, 71, 72, 73, 76, 77, 80, 81, 83, 84, 87, 96, 97, 100, 101, 104, 107, 108, 111, 112, 113, 116, 119, 124, 126, 142, 159, 162, 168, 169, 170, 179, 193, 196, 199, 224, 225, 230, 245, 248], "summary": {"covered_lines": 44, "num_statements": 46, "percent_covered": 95.65217391304348, "percent_covered_display": "95.65", "missing_lines": 2, "excluded_lines": 0}, "missing_lines": [194, 246], "excluded_lines": []}, "": {"executed_lines": [1, 16, 17, 18, 19, 20, 21, 22, 23, 24, 26, 29, 32, 33, 34, 35, 36, 37, 38, 39, 40, 43, 44, 51, 59, 60, 89, 135, 144, 181, 232, 270], "summary": {"covered_lines": 29, "num_statements": 29, "percent_covered": 100.0, "percent_covered_display": "100.00", "missing_lines": 0, "excluded_lines": 0}, "missing_lines": [], "excluded_lines": []}}}, "src/api/schemas.py": {"executed_lines": [1, 8, 10, 13, 14, 16, 17, 18, 21, 28, 31, 34, 37, 40, 43, 46, 49, 56, 63, 70, 78, 79, 81, 82, 103, 104, 106, 109, 112, 115, 116, 118, 121, 124, 127, 128, 130, 131, 132, 133, 136, 137, 139, 140, 141, 142, 145, 146, 148, 149, 152, 153, 155, 156], "summary": {"covered_lines": 45, "num_statements": 45, "percent_covered": 100.0, "percent_covered_display": "100.00", "missing_lines": 0, "excluded_lines": 0}, "missing_lines": [], "excluded_lines": [], "functions": {"": {"executed_lines": [1, 8, 10, 13, 14, 16, 17, 18, 21, 28, 31, 34, 37, 40, 43, 46, 49, 56, 63, 70, 78, 79, 81, 82, 103, 104, 106, 109, 112, 115, 116, 118, 121, 124, 127, 128, 130, 131, 132, 133, 136, 137, 139, 140, 141, 142, 145, 146, 148, 149, 152, 153, 155, 156], "summary": {"covered_lines": 45, "num_statements": 45, "percent_covered": 100.0, "percent_covered_display": "100.00", "missing_lines": 0, "excluded_lines": 0}, "missing_lines": [], "excluded_lines": []}}, "classes": {"PatientData": {"executed_lines": [], "summary": {"covered_lines": 0, "num_statements": 0, "percent_covered": 100.0, "percent_covered_display": "100.00", "missing_lines": 0, "excluded_lines": 0}, "missing_lines": [], "excluded_lines": []}, "PatientData.Config": {"executed_lines": [], "summary": {"covered_lines": 0, "num_statements": 0, "percent_covered": 100.0, "percent_covered_display": "100.00", "missing_lines": 0, "excluded_lines": 0}, "missing_lines": [], "excluded_lines": []}, "PredictionResponse": {"executed_lines": [], "summary": {"covered_lines": 0, "num_statements": 0, "percent_covered": 100.0, "percent_covered_display": "100.00", "missing_lines": 0, "excluded_lines": 0}, "missing_lines": [], "excluded_lines": []}, "PredictionProbabilityResponse": {"executed_lines": [], "summary": {"covered_lines": 0, "num_statements": 0, "percent_covered": 100.0, "percent_covered_display": "100.00", "missing_lines": 0, "excluded_lines": 0}, "missing_lines": [], "excluded_lines": []}, "HealthResponse": {"executed_lines": [], "summary": {"covered_lines": 0, "num_statements": 0, "percent_covered": 100.0, "percent_covered_display": "100.00", "missing_lines": 0, "excluded_lines": 0}, "missing_lines": [], "excluded_lines": []}, "LogEntry": {"executed_lines": [], "summary": {"covered_lines": 0, "num_statements": 0, "percent_covered": 100.0, "percent_covered_display": "100.00", "missing_lines": 0, "excluded_lines": 0}, "missing_lines": [], "excluded_lines": []}, "LogsResponse": {"executed_lines": [], "summary": {"covered_lines": 0, "num_statements": 0, "percent_covered": 100.0, "percent_covered_display": "100.00", "missing_lines": 0, "excluded_lines": 0}, "missing_lines": [], "excluded_lines": []}, "LogsStatsResponse": {"executed_lines": [], "summary": {"covered_lines": 0, "num_statements": 0, "percent_covered": 100.0, "percent_covered_display": "100.00", "missing_lines": 0, "excluded_lines": 0}, "missing_lines": [], "excluded_lines": []}, "": {"executed_lines": [1, 8, 10, 13, 14, 16, 17, 18, 21, 28, 31, 34, 37, 40, 43, 46, 49, 56, 63, 70, 78, 79, 81, 82, 103, 104, 106, 109, 112, 115, 116, 118, 121, 124, 127, 128, 130, 131, 132, 133, 136, 137, 139, 140, 141, 142, 145, 146, 148, 149, 152, 153, 155, 156], "summary": {"covered_lines": 45, "num_statements": 45, "percent_covered": 100.0, "percent_covered_display": "100.00", "missing_lines": 0, "excluded_lines": 0}, "missing_lines": [], "excluded_lines": []}}}, "src/config.py": {"executed_lines": [1, 7, 8, 10, 13, 14, 17, 18, 21, 22, 25, 26, 29, 30, 31, 32, 33, 38, 39, 40, 43, 44, 45, 46, 49, 54, 57, 60, 63, 64, 65, 66, 71, 74, 77, 80, 86], "summary": {"covered_lines": 35, "num_statements": 35, "percent_covered": 100.0, "percent_covered_display": "100.00", "missing_lines": 0, "excluded_lines": 0}, "missing_lines": [], "excluded_lines": [], "functions": {"": {"executed_lines": [1, 7, 8, 10, 13, 14, 17, 18, 21, 22, 25, 26, 29, 30, 31, 32, 33, 38, 39, 40, 43, 44, 45, 46, 49, 54, 57, 60, 63, 64, 65, 66, 71, 74, 77, 80, 86], "summary": {"covered_lines": 35, "num_statements": 35, "percent_covered": 100.0, "percent_covered_display": "100.00", "missing_lines": 0, "excluded_lines": 0}, "missing_lines": [], "excluded_lines": []}}, "classes": {"Settings": {"executed_lines": [], "summary": {"covered_lines": 0, "num_statements": 0, "percent_covered": 100.0, "percent_covered_display": "100.00", "missing_lines": 0, "excluded_lines": 0}, "missing_lines": [], "excluded_lines": []}, "": {"executed_lines": [1, 7, 8, 10, 13, 14, 17, 18, 21, 22, 25, 26, 29, 30, 31, 32, 33, 38, 39, 40, 43, 44, 45, 46, 49, 54, 57, 60, 63, 64, 65, 66, 71, 74, 77, 80, 86], "summary": {"covered_lines": 35, "num_statements": 35, "percent_covered": 100.0, "percent_covered_display": "100.00", "missing_lines": 0, "excluded_lines": 0}, "missing_lines": [], "excluded_lines": []}}}, "src/model/feature_engineering.py": {"executed_lines": [1, 8, 10, 13, 14, 21, 22, 41, 42, 44, 47, 55, 58, 59, 64, 67, 69, 71, 72, 83, 86, 91, 96, 104, 109, 115, 122, 129, 132, 139, 144, 149, 152, 156, 158, 159, 173, 192, 194, 195, 202, 210, 211, 218], "summary": {"covered_lines": 42, "num_statements": 42, "percent_covered": 100.0, "percent_covered_display": "100.00", "missing_lines": 0, "excluded_lines": 0}, "missing_lines": [], "excluded_lines": [], "functions": {"FeatureEngineer.engineer_features": {"executed_lines": [41, 42, 44, 47, 55, 58, 59, 64, 67, 69], "summary": {"covered_lines": 10, "num_statements": 10, "percent_covered": 100.0, "percent_covered_display": "100.00", "missing_lines": 0, "excluded_lines": 0}, "missing_lines": [], "excluded_lines": []}, "FeatureEngineer._add_derived_features": {"executed_lines": [83, 86, 91, 96, 104, 109, 115, 122, 129, 132, 139, 144, 149, 152, 156], "summary": {"covered_lines": 15, "num_statements": 15, "percent_covered": 100.0, "percent_covered_display": "100.00", "missing_lines": 0, "excluded_lines": 0}, "missing_lines": [], "excluded_lines": []}, "FeatureEngineer._reorder_columns": {"executed_lines": [173, 192], "summary": {"covered_lines": 2, "num_statements": 2, "percent_covered": 100.0, "percent_covered_display": "100.00", "missing_lines": 0, "excluded_lines": 0}, "missing_lines": [], "excluded_lines": []}, "FeatureEngineer.get_required_input_columns": {"executed_lines": [202], "summary": {"covered_lines": 1, "num_statements": 1, "percent_covered": 100.0, "percent_covered_display": "100.00", "missing_lines": 0, "excluded_lines": 0}, "missing_lines": [], "excluded_lines": []}, "FeatureEngineer.get_derived_columns": {"executed_lines": [218], "summary": {"covered_lines": 1, "num_statements": 1, "percent_covered": 100.0, "percent_covered_display": "100.00", "missing_lines": 0, "excluded_lines": 0}, "missing_lines": [], "excluded_lines": []}, "": {"executed_lines": [1, 8, 10, 13, 14, 21, 22, 71, 72, 158, 159, 194, 195, 210, 211], "summary": {"covered_lines": 13, "num_statements": 13, "percent_covered": 100.0, "percent_covered_display": "100.00", "missing_lines": 0, "excluded_lines": 0}, "missing_lines": [], "excluded_lines": []}}, "classes": {"FeatureEngineer": {"executed_lines": [41, 42, 44, 47, 55, 58, 59, 64, 67, 69, 83, 86, 91, 96, 104, 109, 115, 122, 129, 132, 139, 144, 149, 152, 156, 173, 192, 202, 218], "summary": {"covered_lines": 29, "num_statements": 29, "percent_covered": 100.0, "percent_covered_display": "100.00", "missing_lines": 0, "excluded_lines": 0}, "missing_lines": [], "excluded_lines": []}, "": {"executed_lines": [1, 8, 10, 13, 14, 21, 22, 71, 72, 158, 159, 194, 195, 210, 211], "summary": {"covered_lines": 13, "num_statements": 13, "percent_covered": 100.0, "percent_covered_display": "100.00", "missing_lines": 0, "excluded_lines": 0}, "missing_lines": [], "excluded_lines": []}}}, "src/model/model_loader.py": {"executed_lines": [1, 8, 9, 10, 12, 15, 16, 23, 24, 26, 33, 34, 35, 37, 52, 53, 55, 57, 59, 60, 61, 63, 65, 66, 70, 71, 72, 73, 74, 75, 76, 80, 81, 91, 92, 96, 98, 105], "summary": {"covered_lines": 36, "num_statements": 36, "percent_covered": 100.0, "percent_covered_display": "100.00", "missing_lines": 0, "excluded_lines": 0}, "missing_lines": [], "excluded_lines": [], "functions": {"ModelLoader.__new__": {"executed_lines": [33, 34, 35], "summary": {"covered_lines": 3, "num_statements": 3, "percent_covered": 100.0, "percent_covered_display": "100.00", "missing_lines": 0, "excluded_lines": 0}, "missing_lines": [], "excluded_lines": []}, "ModelLoader.load_model": {"executed_lines": [52, 53, 55, 57, 59, 60, 61, 63, 65, 66, 70, 71, 72, 73, 74, 75, 76], "summary": {"covered_lines": 17, "num_statements": 17, "percent_covered": 100.0, "percent_covered_display": "100.00", "missing_lines": 0, "excluded_lines": 0}, "missing_lines": [], "excluded_lines": []}, "ModelLoader.model": {"executed_lines": [91, 92, 96], "summary": {"covered_lines": 3, "num_statements": 3, "percent_covered": 100.0, "percent_covered_display": "100.00", "missing_lines": 0, "excluded_lines": 0}, "missing_lines": [], "excluded_lines": []}, "ModelLoader.is_loaded": {"executed_lines": [105], "summary": {"covered_lines": 1, "num_statements": 1, "percent_covered": 100.0, "percent_covered_display": "100.00", "missing_lines": 0, "excluded_lines": 0}, "missing_lines": [], "excluded_lines": []}, "": {"executed_lines": [1, 8, 9, 10, 12, 15, 16, 23, 24, 26, 37, 80, 81, 98], "summary": {"covered_lines": 12, "num_statements": 12, "percent_covered": 100.0, "percent_covered_display": "100.00", "missing_lines": 0, "excluded_lines": 0}, "missing_lines": [], "excluded_lines": []}}, "classes": {"ModelLoader": {"executed_lines": [33, 34, 35, 52, 53, 55, 57, 59, 60, 61, 63, 65, 66, 70, 71, 72, 73, 74, 75, 76, 91, 92, 96, 105], "summary": {"covered_lines": 24, "num_statements": 24, "percent_covered": 100.0, "percent_covered_display": "100.00", "missing_lines": 0, "excluded_lines": 0}, "missing_lines": [], "excluded_lines": []}, "": {"executed_lines": [1, 8, 9, 10, 12, 15, 16, 23, 24, 26, 37, 80, 81, 98], "summary": {"covered_lines": 12, "num_statements": 12, "percent_covered": 100.0, "percent_covered_display": "100.00", "missing_lines": 0, "excluded_lines": 0}, "missing_lines": [], "excluded_lines": []}}}, "src/model/model_pool.py": {"executed_lines": [1, 9, 10, 11, 12, 13, 14, 16, 19, 20, 27, 40, 54, 69, 70, 78, 79, 81, 95, 106, 178, 208, 217, 250, 275, 286, 287, 296, 307, 317], "summary": {"covered_lines": 26, "num_statements": 111, "percent_covered": 23.423423423423422, "percent_covered_display": "23.42", "missing_lines": 85, "excluded_lines": 0}, "missing_lines": [35, 36, 37, 38, 50, 51, 52, 64, 65, 66, 88, 89, 90, 91, 92, 93, 97, 98, 100, 101, 102, 103, 104, 122, 123, 124, 127, 128, 129, 132, 133, 134, 135, 136, 138, 140, 142, 143, 147, 150, 151, 152, 153, 154, 155, 160, 165, 166, 167, 168, 169, 170, 171, 172, 176, 193, 194, 199, 200, 201, 202, 203, 215, 232, 233, 238, 239, 240, 243, 244, 245, 258, 259, 261, 264, 266, 282, 303, 304, 305, 314, 315, 326, 327, 328], "excluded_lines": [], "functions": {"ModelInstance.__init__": {"executed_lines": [], "summary": {"covered_lines": 0, "num_statements": 4, "percent_covered": 0.0, "percent_covered_display": "0.00", "missing_lines": 4, "excluded_lines": 0}, "missing_lines": [35, 36, 37, 38], "excluded_lines": []}, "ModelInstance.predict": {"executed_lines": [], "summary": {"covered_lines": 0, "num_statements": 3, "percent_covered": 0.0, "percent_covered_display": "0.00", "missing_lines": 3, "excluded_lines": 0}, "missing_lines": [50, 51, 52], "excluded_lines": []}, "ModelInstance.predict_proba": {"executed_lines": [], "summary": {"covered_lines": 0, "num_statements": 3, "percent_covered": 0.0, "percent_covered_display": "0.00", "missing_lines": 3, "excluded_lines": 0}, "missing_lines": [64, 65, 66], "excluded_lines": []}, "ModelPool.__new__": {"executed_lines": [], "summary": {"covered_lines": 0, "num_statements": 6, "percent_covered": 0.0, "percent_covered_display": "0.00", "missing_lines": 6, "excluded_lines": 0}, "missing_lines": [88, 89, 90, 91, 92, 93], "excluded_lines": []}, "ModelPool.__init__": {"executed_lines": [], "summary": {"covered_lines": 0, "num_statements": 7, "percent_covered": 0.0, "percent_covered_display": "0.00", "missing_lines": 7, "excluded_lines": 0}, "missing_lines": [97, 98, 100, 101, 102, 103, 104], "excluded_lines": []}, "ModelPool.initialize": {"executed_lines": [], "summary": {"covered_lines": 0, "num_statements": 32, "percent_covered": 0.0, "percent_covered_display": "0.00", "missing_lines": 32, "excluded_lines": 0}, "missing_lines": [122, 123, 124, 127, 128, 129, 132, 133, 134, 135, 136, 138, 140, 142, 143, 147, 150, 151, 152, 153, 154, 155, 160, 165, 166, 167, 168, 169, 170, 171, 172, 176], "excluded_lines": []}, "ModelPool.acquire": {"executed_lines": [], "summary": {"covered_lines": 0, "num_statements": 7, "percent_covered": 0.0, "percent_covered_display": "0.00", "missing_lines": 7, "excluded_lines": 0}, "missing_lines": [193, 194, 199, 200, 201, 202, 203], "excluded_lines": []}, "ModelPool.release": {"executed_lines": [], "summary": {"covered_lines": 0, "num_statements": 1, "percent_covered": 0.0, "percent_covered_display": "0.00", "missing_lines": 1, "excluded_lines": 0}, "missing_lines": [215], "excluded_lines": []}, "ModelPool.acquire_async": {"executed_lines": [], "summary": {"covered_lines": 0, "num_statements": 8, "percent_covered": 0.0, "percent_covered_display": "0.00", "missing_lines": 8, "excluded_lines": 0}, "missing_lines": [232, 233, 238, 239, 240, 243, 244, 245], "excluded_lines": []}, "ModelPool.get_stats": {"executed_lines": [], "summary": {"covered_lines": 0, "num_statements": 5, "percent_covered": 0.0, "percent_covered_display": "0.00", "missing_lines": 5, "excluded_lines": 0}, "missing_lines": [258, 259, 261, 264, 266], "excluded_lines": []}, "ModelPool.is_initialized": {"executed_lines": [], "summary": {"covered_lines": 0, "num_statements": 1, "percent_covered": 0.0, "percent_covered_display": "0.00", "missing_lines": 1, "excluded_lines": 0}, "missing_lines": [282], "excluded_lines": []}, "ModelContextManager.__init__": {"executed_lines": [], "summary": {"covered_lines": 0, "num_statements": 3, "percent_covered": 0.0, "percent_covered_display": "0.00", "missing_lines": 3, "excluded_lines": 0}, "missing_lines": [303, 304, 305], "excluded_lines": []}, "ModelContextManager.__aenter__": {"executed_lines": [], "summary": {"covered_lines": 0, "num_statements": 2, "percent_covered": 0.0, "percent_covered_display": "0.00", "missing_lines": 2, "excluded_lines": 0}, "missing_lines": [314, 315], "excluded_lines": []}, "ModelContextManager.__aexit__": {"executed_lines": [], "summary": {"covered_lines": 0, "num_statements": 3, "percent_covered": 0.0, "percent_covered_display": "0.00", "missing_lines": 3, "excluded_lines": 0}, "missing_lines": [326, 327, 328], "excluded_lines": []}, "": {"executed_lines": [1, 9, 10, 11, 12, 13, 14, 16, 19, 20, 27, 40, 54, 69, 70, 78, 79, 81, 95, 106, 178, 208, 217, 250, 275, 286, 287, 296, 307, 317], "summary": {"covered_lines": 26, "num_statements": 26, "percent_covered": 100.0, "percent_covered_display": "100.00", "missing_lines": 0, "excluded_lines": 0}, "missing_lines": [], "excluded_lines": []}}, "classes": {"ModelInstance": {"executed_lines": [], "summary": {"covered_lines": 0, "num_statements": 10, "percent_covered": 0.0, "percent_covered_display": "0.00", "missing_lines": 10, "excluded_lines": 0}, "missing_lines": [35, 36, 37, 38, 50, 51, 52, 64, 65, 66], "excluded_lines": []}, "ModelPool": {"executed_lines": [], "summary": {"covered_lines": 0, "num_statements": 67, "percent_covered": 0.0, "percent_covered_display": "0.00", "missing_lines": 67, "excluded_lines": 0}, "missing_lines": [88, 89, 90, 91, 92, 93, 97, 98, 100, 101, 102, 103, 104, 122, 123, 124, 127, 128, 129, 132, 133, 134, 135, 136, 138, 140, 142, 143, 147, 150, 151, 152, 153, 154, 155, 160, 165, 166, 167, 168, 169, 170, 171, 172, 176, 193, 194, 199, 200, 201, 202, 203, 215, 232, 233, 238, 239, 240, 243, 244, 245, 258, 259, 261, 264, 266, 282], "excluded_lines": []}, "ModelContextManager": {"executed_lines": [], "summary": {"covered_lines": 0, "num_statements": 8, "percent_covered": 0.0, "percent_covered_display": "0.00", "missing_lines": 8, "excluded_lines": 0}, "missing_lines": [303, 304, 305, 314, 315, 326, 327, 328], "excluded_lines": []}, "": {"executed_lines": [1, 9, 10, 11, 12, 13, 14, 16, 19, 20, 27, 40, 54, 69, 70, 78, 79, 81, 95, 106, 178, 208, 217, 250, 275, 286, 287, 296, 307, 317], "summary": {"covered_lines": 26, "num_statements": 26, "percent_covered": 100.0, "percent_covered_display": "100.00", "missing_lines": 0, "excluded_lines": 0}, "missing_lines": [], "excluded_lines": []}}}, "src/model/predictor.py": {"executed_lines": [1, 8, 10, 11, 13, 14, 17, 18, 24, 26, 27, 29, 47, 48, 53, 55, 61, 62, 64, 68, 69, 72, 74, 76, 77, 81, 100, 101, 106, 108, 109, 113, 115, 121, 123, 127, 128, 131, 133, 135, 136, 140, 147], "summary": {"covered_lines": 41, "num_statements": 41, "percent_covered": 100.0, "percent_covered_display": "100.00", "missing_lines": 0, "excluded_lines": 0}, "missing_lines": [], "excluded_lines": [], "functions": {"Predictor.__init__": {"executed_lines": [26, 27], "summary": {"covered_lines": 2, "num_statements": 2, "percent_covered": 100.0, "percent_covered_display": "100.00", "missing_lines": 0, "excluded_lines": 0}, "missing_lines": [], "excluded_lines": []}, "Predictor.predict": {"executed_lines": [47, 48, 53, 55, 61, 62, 64, 68, 69, 72, 74, 76, 77], "summary": {"covered_lines": 13, "num_statements": 13, "percent_covered": 100.0, "percent_covered_display": "100.00", "missing_lines": 0, "excluded_lines": 0}, "missing_lines": [], "excluded_lines": []}, "Predictor.predict_proba": {"executed_lines": [100, 101, 106, 108, 109, 113, 115, 121, 123, 127, 128, 131, 133, 135, 136], "summary": {"covered_lines": 15, "num_statements": 15, "percent_covered": 100.0, "percent_covered_display": "100.00", "missing_lines": 0, "excluded_lines": 0}, "missing_lines": [], "excluded_lines": []}, "Predictor.get_required_features": {"executed_lines": [147], "summary": {"covered_lines": 1, "num_statements": 1, "percent_covered": 100.0, "percent_covered_display": "100.00", "missing_lines": 0, "excluded_lines": 0}, "missing_lines": [], "excluded_lines": []}, "": {"executed_lines": [1, 8, 10, 11, 13, 14, 17, 18, 24, 29, 81, 140], "summary": {"covered_lines": 10, "num_statements": 10, "percent_covered": 100.0, "percent_covered_display": "100.00", "missing_lines": 0, "excluded_lines": 0}, "missing_lines": [], "excluded_lines": []}}, "classes": {"Predictor": {"executed_lines": [26, 27, 47, 48, 53, 55, 61, 62, 64, 68, 69, 72, 74, 76, 77, 100, 101, 106, 108, 109, 113, 115, 121, 123, 127, 128, 131, 133, 135, 136, 147], "summary": {"covered_lines": 31, "num_statements": 31, "percent_covered": 100.0, "percent_covered_display": "100.00", "missing_lines": 0, "excluded_lines": 0}, "missing_lines": [], "excluded_lines": []}, "": {"executed_lines": [1, 8, 10, 11, 13, 14, 17, 18, 24, 29, 81, 140], "summary": {"covered_lines": 10, "num_statements": 10, "percent_covered": 100.0, "percent_covered_display": "100.00", "missing_lines": 0, "excluded_lines": 0}, "missing_lines": [], "excluded_lines": []}}}, "src/proxy/client.py": {"executed_lines": [1, 8, 9, 11, 12, 14, 16, 19, 20, 22, 29, 30, 32, 45, 46, 47, 48, 53, 63, 64, 65, 66, 67, 68, 75, 82, 83, 87, 93, 100, 101, 105, 106, 107, 111, 121, 122, 127, 131, 141, 142, 147, 153, 168, 169, 174, 178, 185, 186, 190, 196, 209, 210, 211, 212, 213, 217, 224, 225, 229, 230, 231, 233, 240], "summary": {"covered_lines": 62, "num_statements": 74, "percent_covered": 83.78378378378379, "percent_covered_display": "83.78", "missing_lines": 12, "excluded_lines": 0}, "missing_lines": [70, 71, 88, 89, 128, 129, 148, 149, 175, 176, 191, 192], "excluded_lines": [], "functions": {"APIProxyClient.__init__": {"executed_lines": [29, 30], "summary": {"covered_lines": 2, "num_statements": 2, "percent_covered": 100.0, "percent_covered_display": "100.00", "missing_lines": 0, "excluded_lines": 0}, "missing_lines": [], "excluded_lines": []}, "APIProxyClient._handle_response": {"executed_lines": [45, 46, 47, 48], "summary": {"covered_lines": 4, "num_statements": 4, "percent_covered": 100.0, "percent_covered_display": "100.00", "missing_lines": 0, "excluded_lines": 0}, "missing_lines": [], "excluded_lines": []}, "APIProxyClient._handle_error": {"executed_lines": [63, 64, 65, 66, 67, 68], "summary": {"covered_lines": 6, "num_statements": 8, "percent_covered": 75.0, "percent_covered_display": "75.00", "missing_lines": 2, "excluded_lines": 0}, "missing_lines": [70, 71], "excluded_lines": []}, "APIProxyClient.get_root": {"executed_lines": [82, 83, 87], "summary": {"covered_lines": 3, "num_statements": 5, "percent_covered": 60.0, "percent_covered_display": "60.00", "missing_lines": 2, "excluded_lines": 0}, "missing_lines": [88, 89], "excluded_lines": []}, "APIProxyClient.get_health": {"executed_lines": [100, 101, 105, 106, 107], "summary": {"covered_lines": 5, "num_statements": 5, "percent_covered": 100.0, "percent_covered_display": "100.00", "missing_lines": 0, "excluded_lines": 0}, "missing_lines": [], "excluded_lines": []}, "APIProxyClient.post_predict": {"executed_lines": [121, 122, 127], "summary": {"covered_lines": 3, "num_statements": 5, "percent_covered": 60.0, "percent_covered_display": "60.00", "missing_lines": 2, "excluded_lines": 0}, "missing_lines": [128, 129], "excluded_lines": []}, "APIProxyClient.post_predict_proba": {"executed_lines": [141, 142, 147], "summary": {"covered_lines": 3, "num_statements": 5, "percent_covered": 60.0, "percent_covered_display": "60.00", "missing_lines": 2, "excluded_lines": 0}, "missing_lines": [148, 149], "excluded_lines": []}, "APIProxyClient.get_logs": {"executed_lines": [168, 169, 174], "summary": {"covered_lines": 3, "num_statements": 5, "percent_covered": 60.0, "percent_covered_display": "60.00", "missing_lines": 2, "excluded_lines": 0}, "missing_lines": [175, 176], "excluded_lines": []}, "APIProxyClient.delete_logs": {"executed_lines": [185, 186, 190], "summary": {"covered_lines": 3, "num_statements": 5, "percent_covered": 60.0, "percent_covered_display": "60.00", "missing_lines": 2, "excluded_lines": 0}, "missing_lines": [191, 192], "excluded_lines": []}, "APIProxyClient.batch_predict": {"executed_lines": [209, 210, 211, 212, 213], "summary": {"covered_lines": 5, "num_statements": 5, "percent_covered": 100.0, "percent_covered_display": "100.00", "missing_lines": 0, "excluded_lines": 0}, "missing_lines": [], "excluded_lines": []}, "APIProxyClient.check_connection": {"executed_lines": [224, 225, 229, 230, 231], "summary": {"covered_lines": 5, "num_statements": 5, "percent_covered": 100.0, "percent_covered_display": "100.00", "missing_lines": 0, "excluded_lines": 0}, "missing_lines": [], "excluded_lines": []}, "APIProxyClient.get_api_info": {"executed_lines": [240], "summary": {"covered_lines": 1, "num_statements": 1, "percent_covered": 100.0, "percent_covered_display": "100.00", "missing_lines": 0, "excluded_lines": 0}, "missing_lines": [], "excluded_lines": []}, "": {"executed_lines": [1, 8, 9, 11, 12, 14, 16, 19, 20, 22, 32, 53, 75, 93, 111, 131, 153, 178, 196, 217, 233], "summary": {"covered_lines": 19, "num_statements": 19, "percent_covered": 100.0, "percent_covered_display": "100.00", "missing_lines": 0, "excluded_lines": 0}, "missing_lines": [], "excluded_lines": []}}, "classes": {"APIProxyClient": {"executed_lines": [29, 30, 45, 46, 47, 48, 63, 64, 65, 66, 67, 68, 82, 83, 87, 100, 101, 105, 106, 107, 121, 122, 127, 141, 142, 147, 168, 169, 174, 185, 186, 190, 209, 210, 211, 212, 213, 224, 225, 229, 230, 231, 240], "summary": {"covered_lines": 43, "num_statements": 55, "percent_covered": 78.18181818181819, "percent_covered_display": "78.18", "missing_lines": 12, "excluded_lines": 0}, "missing_lines": [70, 71, 88, 89, 128, 129, 148, 149, 175, 176, 191, 192], "excluded_lines": []}, "": {"executed_lines": [1, 8, 9, 11, 12, 14, 16, 19, 20, 22, 32, 53, 75, 93, 111, 131, 153, 178, 196, 217, 233], "summary": {"covered_lines": 19, "num_statements": 19, "percent_covered": 100.0, "percent_covered_display": "100.00", "missing_lines": 0, "excluded_lines": 0}, "missing_lines": [], "excluded_lines": []}}}}, "totals": {"covered_lines": 556, "num_statements": 766, "percent_covered": 72.58485639686684, "percent_covered_display": "72.58", "missing_lines": 210, "excluded_lines": 3}}
